2021-06-29 17:29:59.218 [restartedMain] INFO  o.s.b.d.e.DevToolsPropertyDefaultsPostProcessor - Devtools property defaults active! Set 'spring.devtools.add-properties' to 'false' to disable
2021-06-29 17:29:59.738 [restartedMain] INFO  com.javaboy.springcloud.OrderMain81 - No active profile set, falling back to default profiles: default
2021-06-29 17:30:00.257 [restartedMain] WARN  o.s.boot.actuate.endpoint.EndpointId - Endpoint ID 'nacos-discovery' contains invalid characters, please migrate to a valid format.
2021-06-29 17:30:00.438 [restartedMain] WARN  o.s.boot.actuate.endpoint.EndpointId - Endpoint ID 'service-registry' contains invalid characters, please migrate to a valid format.
2021-06-29 17:30:00.539 [restartedMain] INFO  o.s.cloud.context.scope.GenericScope - BeanFactory id=52a56866-47f9-3a81-9764-03e3952be930
2021-06-29 17:30:00.694 [restartedMain] INFO  o.s.c.s.PostProcessorRegistrationDelegate$BeanPostProcessorChecker - Bean 'spring.cloud.sentinel-com.alibaba.cloud.sentinel.SentinelProperties' of type [com.alibaba.cloud.sentinel.SentinelProperties] is not eligible for getting processed by all BeanPostProcessors (for example: not eligible for auto-proxying)
2021-06-29 17:30:00.804 [restartedMain] INFO  o.s.c.s.PostProcessorRegistrationDelegate$BeanPostProcessorChecker - Bean 'com.alibaba.cloud.sentinel.custom.SentinelAutoConfiguration' of type [com.alibaba.cloud.sentinel.custom.SentinelAutoConfiguration$$EnhancerBySpringCGLIB$$24cead88] is not eligible for getting processed by all BeanPostProcessors (for example: not eligible for auto-proxying)
2021-06-29 17:30:01.207 [restartedMain] INFO  o.s.b.w.e.tomcat.TomcatWebServer - Tomcat initialized with port(s): 81 (http)
2021-06-29 17:30:01.214 [restartedMain] INFO  o.a.coyote.http11.Http11NioProtocol - Initializing ProtocolHandler ["http-nio-81"]
2021-06-29 17:30:01.214 [restartedMain] INFO  o.a.catalina.core.StandardService - Starting service [Tomcat]
2021-06-29 17:30:01.214 [restartedMain] INFO  o.a.catalina.core.StandardEngine - Starting Servlet engine: [Apache Tomcat/9.0.29]
2021-06-29 17:30:01.216 [restartedMain] INFO  o.a.c.core.AprLifecycleListener - An older version [1.2.21] of the APR based Apache Tomcat Native library is installed, while Tomcat recommends a minimum version of [1.2.23]
2021-06-29 17:30:01.216 [restartedMain] INFO  o.a.c.core.AprLifecycleListener - Loaded APR based Apache Tomcat Native library [1.2.21] using APR version [1.6.5].
2021-06-29 17:30:01.216 [restartedMain] INFO  o.a.c.core.AprLifecycleListener - APR capabilities: IPv6 [true], sendfile [true], accept filters [false], random [true].
2021-06-29 17:30:01.216 [restartedMain] INFO  o.a.c.core.AprLifecycleListener - APR/OpenSSL configuration: useAprConnector [false], useOpenSSL [true]
2021-06-29 17:30:01.219 [restartedMain] INFO  o.a.c.core.AprLifecycleListener - OpenSSL successfully initialized [OpenSSL 1.1.1a  20 Nov 2018]
2021-06-29 17:30:01.316 [restartedMain] INFO  o.a.c.c.C.[Tomcat].[localhost].[/] - Initializing Spring embedded WebApplicationContext
2021-06-29 17:30:01.316 [restartedMain] INFO  o.s.web.context.ContextLoader - Root WebApplicationContext: initialization completed in 1565 ms
2021-06-29 17:30:01.326 [restartedMain] INFO  c.a.c.s.SentinelWebAutoConfiguration - [Sentinel Starter] register Sentinel CommonFilter with urlPatterns: [/*].
2021-06-29 17:30:01.981 [restartedMain] WARN  o.s.b.d.a.OptionalLiveReloadServer - Unable to start LiveReload server
2021-06-29 17:30:02.041 [restartedMain] WARN  c.n.c.sources.URLConfigurationSource - No URLs will be polled as dynamic configuration sources.
2021-06-29 17:30:02.042 [restartedMain] INFO  c.n.c.sources.URLConfigurationSource - To enable URLs as dynamic configuration sources, define System property archaius.configurationSource.additionalUrls or make config.properties available on classpath.
2021-06-29 17:30:02.045 [restartedMain] WARN  c.n.c.sources.URLConfigurationSource - No URLs will be polled as dynamic configuration sources.
2021-06-29 17:30:02.045 [restartedMain] INFO  c.n.c.sources.URLConfigurationSource - To enable URLs as dynamic configuration sources, define System property archaius.configurationSource.additionalUrls or make config.properties available on classpath.
2021-06-29 17:30:02.159 [restartedMain] INFO  o.s.s.c.ThreadPoolTaskExecutor - Initializing ExecutorService 'applicationTaskExecutor'
2021-06-29 17:30:02.266 [restartedMain] INFO  o.s.s.c.ThreadPoolTaskScheduler - Initializing ExecutorService
2021-06-29 17:30:03.068 [restartedMain] INFO  o.s.b.a.e.web.EndpointLinksResolver - Exposing 2 endpoint(s) beneath base path '/actuator'
2021-06-29 17:30:03.141 [restartedMain] INFO  o.a.coyote.http11.Http11NioProtocol - Starting ProtocolHandler ["http-nio-81"]
2021-06-29 17:30:03.159 [restartedMain] INFO  o.s.b.w.e.tomcat.TomcatWebServer - Tomcat started on port(s): 81 (http) with context path ''
2021-06-29 17:30:03.256 [restartedMain] INFO  c.a.c.n.r.NacosServiceRegistry - nacos registry, cloud-consumer-order 172.19.101.170:81 register finished
2021-06-29 17:30:03.534 [restartedMain] INFO  com.javaboy.springcloud.OrderMain81 - Started OrderMain81 in 5.258 seconds (JVM running for 6.649)
2021-06-29 17:30:04.011 [RMI TCP Connection(4)-172.19.101.170] INFO  o.a.c.c.C.[Tomcat].[localhost].[/] - Initializing Spring DispatcherServlet 'dispatcherServlet'
2021-06-29 17:30:04.011 [RMI TCP Connection(4)-172.19.101.170] INFO  o.s.web.servlet.DispatcherServlet - Initializing Servlet 'dispatcherServlet'
2021-06-29 17:30:04.020 [RMI TCP Connection(4)-172.19.101.170] INFO  o.s.web.servlet.DispatcherServlet - Completed initialization in 9 ms
2021-06-29 17:30:12.120 [http-nio-81-exec-1] INFO  c.n.config.ChainedDynamicProperty - Flipping property: cloud-provider-payment.ribbon.ActiveConnectionsLimit to use NEXT property: niws.loadbalancer.availabilityFilteringRule.activeConnectionsLimit = 2147483647
2021-06-29 17:30:12.145 [http-nio-81-exec-1] INFO  c.n.loadbalancer.BaseLoadBalancer - Client: cloud-provider-payment instantiated a LoadBalancer: DynamicServerListLoadBalancer:{NFLoadBalancer:name=cloud-provider-payment,current list of Servers=[],Load balancer stats=Zone stats: {},Server stats: []}ServerList:null
2021-06-29 17:30:12.149 [http-nio-81-exec-1] INFO  c.n.l.DynamicServerListLoadBalancer - Using serverListUpdater PollingServerListUpdater
2021-06-29 17:30:12.186 [http-nio-81-exec-1] INFO  c.n.config.ChainedDynamicProperty - Flipping property: cloud-provider-payment.ribbon.ActiveConnectionsLimit to use NEXT property: niws.loadbalancer.availabilityFilteringRule.activeConnectionsLimit = 2147483647
2021-06-29 17:30:12.188 [http-nio-81-exec-1] INFO  c.n.l.DynamicServerListLoadBalancer - DynamicServerListLoadBalancer for client cloud-provider-payment initialized: DynamicServerListLoadBalancer:{NFLoadBalancer:name=cloud-provider-payment,current list of Servers=[172.19.101.170:9001, 172.19.101.170:9002],Load balancer stats=Zone stats: {unknown=[Zone:unknown;	Instance count:2;	Active connections count: 0;	Circuit breaker tripped count: 0;	Active connections per server: 0.0;]
},Server stats: [[Server:172.19.101.170:9002;	Zone:UNKNOWN;	Total Requests:0;	Successive connection failure:0;	Total blackout seconds:0;	Last connection made:Thu Jan 01 08:00:00 CST 1970;	First connection made: Thu Jan 01 08:00:00 CST 1970;	Active Connections:0;	total failure count in last (1000) msecs:0;	average resp time:0.0;	90 percentile resp time:0.0;	95 percentile resp time:0.0;	min resp time:0.0;	max resp time:0.0;	stddev resp time:0.0]
, [Server:172.19.101.170:9001;	Zone:UNKNOWN;	Total Requests:0;	Successive connection failure:0;	Total blackout seconds:0;	Last connection made:Thu Jan 01 08:00:00 CST 1970;	First connection made: Thu Jan 01 08:00:00 CST 1970;	Active Connections:0;	total failure count in last (1000) msecs:0;	average resp time:0.0;	90 percentile resp time:0.0;	95 percentile resp time:0.0;	min resp time:0.0;	max resp time:0.0;	stddev resp time:0.0]
]}ServerList:com.alibaba.cloud.nacos.ribbon.NacosServerList@1c834bd4
2021-06-29 17:30:12.261 [http-nio-81-exec-1] INFO  c.j.s.controller.TestController - 返回消息：com.javaboy.springcloud.entities.ResultMessage@ff005be
2021-06-29 17:30:13.154 [PollingServerListUpdater-0] INFO  c.n.config.ChainedDynamicProperty - Flipping property: cloud-provider-payment.ribbon.ActiveConnectionsLimit to use NEXT property: niws.loadbalancer.availabilityFilteringRule.activeConnectionsLimit = 2147483647
